c:\users\usuari\documents\github\motor-d-en-pau\racegame\debug\vc140.pdb
c:\users\usuari\documents\github\motor-d-en-pau\racegame\debug\vc140.idb
c:\users\usuari\documents\github\motor-d-en-pau\racegame\debug\application.obj
c:\users\usuari\documents\github\motor-d-en-pau\racegame\debug\color.obj
c:\users\usuari\documents\github\motor-d-en-pau\racegame\debug\glmath.obj
c:\users\usuari\documents\github\motor-d-en-pau\racegame\debug\light.obj
c:\users\usuari\documents\github\motor-d-en-pau\racegame\debug\log.obj
c:\users\usuari\documents\github\motor-d-en-pau\racegame\debug\main.obj
c:\users\usuari\documents\github\motor-d-en-pau\racegame\debug\moduleaudio.obj
c:\users\usuari\documents\github\motor-d-en-pau\racegame\debug\moduleinput.obj
c:\users\usuari\documents\github\motor-d-en-pau\racegame\debug\modulephysics3d.obj
c:\users\usuari\documents\github\motor-d-en-pau\racegame\debug\moduleplayer.obj
c:\users\usuari\documents\github\motor-d-en-pau\racegame\debug\modulerenderer3d.obj
c:\users\usuari\documents\github\motor-d-en-pau\racegame\debug\modulesceneintro.obj
c:\users\usuari\documents\github\motor-d-en-pau\racegame\debug\modulewindow.obj
c:\users\usuari\documents\github\motor-d-en-pau\racegame\debug\physbody3d.obj
c:\users\usuari\documents\github\motor-d-en-pau\racegame\debug\physvehicle3d.obj
c:\users\usuari\documents\github\motor-d-en-pau\racegame\debug\primitive.obj
c:\users\usuari\documents\github\motor-d-en-pau\racegame\debug\timer.obj
c:\users\usuari\documents\github\motor-d-en-pau\racegame\debug\vc120.pdb
c:\users\usuari\documents\github\motor-d-en-pau\racegame\debug\vc120.idb
c:\users\usuari\documents\github\motor-d-en-pau\racegame\debug\modulecamera3d.obj
c:\users\usuari\documents\github\motor-d-en-pau\racegame\debug\3d physics - class5.ilk
c:\users\usuari\documents\github\motor-d-en-pau\racegame\debug\3d physics - class5.exe
c:\users\usuari\documents\github\motor-d-en-pau\racegame\debug\3d physics - class5.pdb
c:\users\usuari\documents\github\motor-d-en-pau\racegame\debug\3d physi.746cc4c3.tlog\cl.command.1.tlog
c:\users\usuari\documents\github\motor-d-en-pau\racegame\debug\3d physi.746cc4c3.tlog\cl.read.1.tlog
c:\users\usuari\documents\github\motor-d-en-pau\racegame\debug\3d physi.746cc4c3.tlog\cl.write.1.tlog
c:\users\usuari\documents\github\motor-d-en-pau\racegame\debug\3d physi.746cc4c3.tlog\link.command.1.tlog
c:\users\usuari\documents\github\motor-d-en-pau\racegame\debug\3d physi.746cc4c3.tlog\link.read.1.tlog
c:\users\usuari\documents\github\motor-d-en-pau\racegame\debug\3d physi.746cc4c3.tlog\link.write.1.tlog
